<?xml version="1.0" encoding="UTF-8"?>
<!-- Generated by org.testng.reporters.JUnitReportReporter -->
<testsuite hostname="Nitesh" failures="0" tests="1" name="rest_bdd_io_test_one.rest_bdd_test_one" time="3.694" errors="0" timestamp="2021-07-28T08:54:39 IST" skipped="0">
  <testcase classname="rest_bdd_io_test_one.rest_bdd_test_one" name="test_01" time="3.694"/>
  <system-out/>
</testsuite> <!-- rest_bdd_io_test_one.rest_bdd_test_one -->
